<?xml version="1.0" encoding="UTF-8"?>
<!-- Generated by org.testng.reporters.JUnitReportReporter -->
<testsuite hostname="DESKTOP-5EESGLJ" name="testNGAnnataions1.Annotatios2" tests="1" failures="0" timestamp="8 Feb 2018 11:38:46 GMT" time="13.880" errors="0">
  <testcase name="ApplyAnnualLeave" time="13.880" classname="testNGAnnataions1.Annotatios2"/>
</testsuite> <!-- testNGAnnataions1.Annotatios2 -->
