<?xml version="1.0" encoding="UTF-8"?>
<!-- Generated by org.testng.reporters.JUnitReportReporter -->
<testsuite hostname="DESKTOP-5EESGLJ" name="testNGAnnataions1.Groups1" tests="5" failures="0" timestamp="8 Feb 2018 11:38:46 GMT" time="0.020" errors="0">
  <testcase name="test3" time="0.009" classname="testNGAnnataions1.Groups1"/>
  <testcase name="test2" time="0.002" classname="testNGAnnataions1.Groups1"/>
  <testcase name="test1" time="0.003" classname="testNGAnnataions1.Groups1"/>
  <testcase name="test5" time="0.002" classname="testNGAnnataions1.Groups1"/>
  <testcase name="test4" time="0.004" classname="testNGAnnataions1.Groups1"/>
</testsuite> <!-- testNGAnnataions1.Groups1 -->
