<?xml version="1.0" encoding="UTF-8"?>
<!-- Generated by org.testng.reporters.JUnitReportReporter -->
<testsuite hostname="DESKTOP-5EESGLJ" name="testNGAnnataions1.Annotaions" tests="2" failures="0" timestamp="8 Feb 2018 11:38:46 GMT" time="0.012" errors="0">
  <testcase name="method1" time="0.004" classname="testNGAnnataions1.Annotaions"/>
  <testcase name="method2" time="0.008" classname="testNGAnnataions1.Annotaions"/>
</testsuite> <!-- testNGAnnataions1.Annotaions -->
