<?xml version="1.0" encoding="UTF-8"?>
<!-- Generated by org.testng.reporters.JUnitReportReporter -->
<testsuite hostname="DESKTOP-5EESGLJ" name="testNGAnnataions1.parallellEx" tests="2" failures="0" timestamp="8 Feb 2018 11:52:01 GMT" time="0.538" errors="0">
  <testcase name="test2" time="0.269" classname="testNGAnnataions1.parallellEx"/>
  <testcase name="test1" time="0.269" classname="testNGAnnataions1.parallellEx"/>
</testsuite> <!-- testNGAnnataions1.parallellEx -->
