<?xml version="1.0" encoding="UTF-8"?>
<!-- Generated by org.testng.reporters.JUnitReportReporter -->
<testsuite hostname="DESKTOP-5EESGLJ" name="testNGAnnataions1.parametersEx" tests="1" failures="0" timestamp="15 Feb 2018 10:56:46 GMT" time="0.025" errors="0">
  <testcase name="main1" time="0.025" classname="testNGAnnataions1.parametersEx"/>
</testsuite> <!-- testNGAnnataions1.parametersEx -->
